<?xml version="1.0" encoding="UTF-8"?>
<!-- Generated by org.testng.reporters.JUnitXMLReporter -->
<testsuite hostname="Gattupallis-MacBook-Pro.local" failures="1" tests="2" name="Surefire test" time="54.529" errors="0" timestamp="22 Nov 2023 17:09:51 GMT">
  <testcase classname="com.browserstack.run_first_test.android.FirstTest" name="test" time="3.836">
    <failure type="java.lang.AssertionError" message="expected [true] but found [false]">
      <![CDATA[java.lang.AssertionError: expected [true] but found [false]
	at com.browserstack.run_first_test.android.FirstTest.test(FirstTest.java:40)
... Removed 33 stack frames]]>
    </failure>
  </testcase> <!-- test -->
  <testcase classname="ios.FirstTest" name="test" time="10.072"/>
</testsuite> <!-- Surefire test -->
