<?xml version="1.0" encoding="UTF-8"?>
<testng-results total="2" passed="2" failed="0" skipped="0">
  <reporter-output>
  </reporter-output>
  <suite started-at="2023-11-26T23:05:59Z" name="Surefire suite" finished-at="2023-11-26T23:07:00Z" duration-ms="61103">
    <groups>
    </groups>
    <test started-at="2023-11-26T23:05:59Z" name="Surefire test" finished-at="2023-11-26T23:07:00Z" duration-ms="61103">
      <class name="ios.FirstTest">
        <test-method is-config="true" signature="setUp()[pri:0, instance:ios.FirstTest@1d119efb]" started-at="2023-11-26T17:06:30Z" name="setUp" finished-at="2023-11-26T17:06:45Z" duration-ms="14253" status="PASS">
          <reporter-output>
          </reporter-output>
        </test-method> <!-- setUp -->
        <test-method signature="test()[pri:0, instance:ios.FirstTest@1d119efb]" started-at="2023-11-26T17:06:45Z" name="test" finished-at="2023-11-26T17:06:59Z" duration-ms="14578" status="PASS">
          <reporter-output>
          </reporter-output>
        </test-method> <!-- test -->
        <test-method is-config="true" signature="tearDown()[pri:0, instance:ios.FirstTest@1d119efb]" started-at="2023-11-26T17:06:59Z" name="tearDown" finished-at="2023-11-26T17:07:00Z" duration-ms="574" status="PASS">
          <reporter-output>
          </reporter-output>
        </test-method> <!-- tearDown -->
      </class> <!-- ios.FirstTest -->
      <class name="com.browserstack.run_first_test.android.FirstTest">
        <test-method is-config="true" signature="setUp()[pri:0, instance:com.browserstack.run_first_test.android.FirstTest@659a969b]" started-at="2023-11-26T17:05:59Z" name="setUp" finished-at="2023-11-26T17:06:26Z" duration-ms="27170" status="PASS">
          <reporter-output>
          </reporter-output>
        </test-method> <!-- setUp -->
        <test-method signature="test()[pri:0, instance:com.browserstack.run_first_test.android.FirstTest@659a969b]" started-at="2023-11-26T17:06:26Z" name="test" finished-at="2023-11-26T17:06:30Z" duration-ms="3996" status="PASS">
          <reporter-output>
          </reporter-output>
        </test-method> <!-- test -->
        <test-method is-config="true" signature="tearDown()[pri:0, instance:com.browserstack.run_first_test.android.FirstTest@659a969b]" started-at="2023-11-26T17:06:30Z" name="tearDown" finished-at="2023-11-26T17:06:30Z" duration-ms="525" status="PASS">
          <reporter-output>
          </reporter-output>
        </test-method> <!-- tearDown -->
      </class> <!-- com.browserstack.run_first_test.android.FirstTest -->
    </test> <!-- Surefire test -->
  </suite> <!-- Surefire suite -->
</testng-results>
