<?xml version="1.0" encoding="UTF-8"?>
<testng-results total="1" passed="1" failed="0" skipped="0">
  <reporter-output>
  </reporter-output>
  <suite started-at="2023-11-26T03:33:19Z" name="Default suite" finished-at="2023-11-26T03:41:34Z" duration-ms="495220">
    <groups>
    </groups>
    <test started-at="2023-11-26T03:33:19Z" name="Default test" finished-at="2023-11-26T03:41:34Z" duration-ms="495220">
      <class name="com.browserstack.run_first_test.android.FirstTest">
        <test-method is-config="true" signature="setUp()[pri:0, instance:com.browserstack.run_first_test.android.FirstTest@291f18]" started-at="2023-11-25T21:33:19Z" name="setUp" finished-at="2023-11-25T21:41:31Z" duration-ms="491477" status="PASS">
          <reporter-output>
          </reporter-output>
        </test-method> <!-- setUp -->
        <test-method signature="test()[pri:0, instance:com.browserstack.run_first_test.android.FirstTest@291f18]" started-at="2023-11-25T21:41:31Z" name="test" finished-at="2023-11-25T21:41:34Z" duration-ms="3293" status="PASS">
          <reporter-output>
          </reporter-output>
        </test-method> <!-- test -->
        <test-method is-config="true" signature="tearDown()[pri:0, instance:com.browserstack.run_first_test.android.FirstTest@291f18]" started-at="2023-11-25T21:41:34Z" name="tearDown" finished-at="2023-11-25T21:41:34Z" duration-ms="438" status="PASS">
          <reporter-output>
          </reporter-output>
        </test-method> <!-- tearDown -->
      </class> <!-- com.browserstack.run_first_test.android.FirstTest -->
    </test> <!-- Default test -->
  </suite> <!-- Default suite -->
</testng-results>
